c:\users\sangbong\documents\plan-b-qt-prototype\x64\debug\vc140.pdb
c:\users\sangbong\documents\plan-b-qt-prototype\x64\debug\main.obj
c:\users\sangbong\documents\plan-b-qt-prototype\x64\debug\moc_mainwindow.obj
c:\users\sangbong\documents\plan-b-qt-prototype\x64\debug\mainwindow.obj
c:\users\sangbong\documents\plan-b-qt-prototype\x64\debug\loginui.obj
c:\users\sangbong\documents\plan-b-qt-prototype\x64\debug\mainform.obj
c:\users\sangbong\documents\plan-b-qt-prototype\x64\debug\moc_loginui.obj
c:\users\sangbong\documents\plan-b-qt-prototype\x64\debug\maintab.obj
c:\users\sangbong\documents\plan-b-qt-prototype\generatedfiles\debug\moc_mainwindow.cpp
c:\users\sangbong\documents\plan-b-qt-prototype\generatedfiles\debug\moc_loginui.cpp
c:\users\sangbong\documents\plan-b-qt-prototype\debug\untitled7.exe
c:\users\sangbong\documents\plan-b-qt-prototype\x64\debug\untitled7.tlog\cl.command.1.tlog
c:\users\sangbong\documents\plan-b-qt-prototype\x64\debug\untitled7.tlog\cl.read.1.tlog
c:\users\sangbong\documents\plan-b-qt-prototype\x64\debug\untitled7.tlog\cl.write.1.tlog
c:\users\sangbong\documents\plan-b-qt-prototype\x64\debug\untitled7.tlog\custombuild.command.1.tlog
c:\users\sangbong\documents\plan-b-qt-prototype\x64\debug\untitled7.tlog\custombuild.read.1.tlog
c:\users\sangbong\documents\plan-b-qt-prototype\x64\debug\untitled7.tlog\custombuild.write.1.tlog
c:\users\sangbong\documents\plan-b-qt-prototype\x64\debug\untitled7.tlog\link.command.1.tlog
c:\users\sangbong\documents\plan-b-qt-prototype\x64\debug\untitled7.tlog\link.read.1.tlog
c:\users\sangbong\documents\plan-b-qt-prototype\x64\debug\untitled7.tlog\link.write.1.tlog
